<?xml version="1.0" encoding="UTF-8"?>
<!-- Generated by org.testng.reporters.JUnitReportReporter -->
<testsuite skipped="0" hostname="LAPTOP-OIE7IQ65" name="com.tesla.Tesla" tests="1" failures="0" timestamp="13 Mar 2019 20:35:36 GMT" time="53.604" errors="0">
  <testcase name="AutoPilot" time="53.604" classname="com.tesla.Tesla"/>
</testsuite> <!-- com.tesla.Tesla -->
